C51 COMPILER V9.60.7.0   EEPROM_LCD                                                        09/21/2024 13:40:00 PAGE 1   


C51 COMPILER V9.60.7.0, COMPILATION OF MODULE EEPROM_LCD
OBJECT MODULE PLACED IN .\Objects\eeprom_lcd.obj
COMPILER INVOKED BY: C:\Keil_v5\C51\BIN\C51.EXE eeprom_lcd.c OPTIMIZE(8,SPEED) BROWSE DEBUG OBJECTEXTEND PRINT(.\Listing
                    -s\eeprom_lcd.lst) TABS(2) OBJECT(.\Objects\eeprom_lcd.obj)

line level    source

   1          #include<reg52.h> 
   2          #include "I2C.h"
   3          #include "delay.h"
   4          #include "LCD8bit.h"
   5          
   6          
   7          unsigned int  i;
   8          
   9          
  10          void EepromWriteByte( unsigned char Data,unsigned char Address, unsigned char Page)
  11          {
  12   1      
  13   1          I2CStart(); 
  14   1          I2CSend(0xA0|(Page<<1));  
  15   1          I2CSend(Address); 
  16   1          I2CSend(Data);    
  17   1          I2CStop();             
  18   1          Delay_ms(5);        
  19   1      }
  20          
  21          
  22          
  23          unsigned char EepromReadByte(unsigned char Address,unsigned char Page)
  24          {
  25   1        unsigned char Data;
  26   1      
  27   1          I2CStart();            
  28   1          I2CSend(0xA0|(Page<<1));    
  29   1          I2CSend(Address); 
  30   1          I2CStart();      
  31   1          I2CSend(0xA1|(Page<<1));           
  32   1          Data = I2CRead(); 
  33   1          I2CNak();
  34   1          I2CStop();            
  35   1          Delay_us(10);
  36   1          return Data;          
  37   1      }
  38          
  39          
  40            void EepromWriteNBytes(unsigned char Location, unsigned char *Pointer, char N, unsigned char Page)
  41             {
  42   1          while(N !=  0)
  43   1           {
  44   2          EepromWriteByte(Location,*Pointer,Page);
  45   2          Location++;Pointer++;N--;   
  46   2           }
  47   1         }
  48          
  49          
  50          
  51            void EepromReadNBytes(unsigned char Location, unsigned char *Pointer, char N,unsigned char Page)
  52             {
  53   1           while(N !=  0)
  54   1          {
C51 COMPILER V9.60.7.0   EEPROM_LCD                                                        09/21/2024 13:40:00 PAGE 2   

  55   2           *Pointer = EepromReadByte(Location,Page);
  56   2            Location++;Pointer++;N--;
  57   2           }
  58   1         }
  59          
  60             void EepromErasePage(unsigned char Page)
  61             {
  62   1          unsigned char i;
  63   1          for(i=0;i<255;i++)
  64   1          EepromWriteByte(0x00,i,Page); 
  65   1         }
  66          
  67          
  68          
  69            void EepromEraseAll()
  70             {
  71   1          unsigned char i;
  72   1          for(i=0;i<255;i++){
  73   2          EepromWriteByte(0x00,i,0);
  74   2          EepromWriteByte(0x00,i,1);} 
  75   1         }
  76          
  77          
  78          
  79          
  80          void main (void)
  81          {
  82   1        char Name[]="Circuits Today";
  83   1        
  84   1        initializeLCD();
  85   1        setCursor(0,0);
  86   1        
  87   1        Disp("EEPROM 24C02"); // initial display on LCD
  88   1        
  89   1        for(i =0; i<14; i++)
  90   1          EepromWriteByte(Name[i],i,0);
  91   1        
  92   1        setCursor(0,1); 
  93   1        for(i =0; i<14; i++)
  94   1        {                     
  95   2          Data(EepromReadByte(i,0));
  96   2          Delay_ms(100);
  97   2        }
  98   1        Disp(Data);
  99   1        while(1);
 100   1      }
 101          
*** WARNING C316 IN LINE 101 OF eeprom_lcd.c: unterminated conditionals


MODULE INFORMATION:   STATIC OVERLAYABLE
   CODE SIZE        =    822    ----
   CONSTANT SIZE    =     28    ----
   XDATA SIZE       =   ----    ----
   PDATA SIZE       =   ----    ----
   DATA SIZE        =      2      40
   IDATA SIZE       =   ----    ----
   BIT SIZE         =   ----    ----
END OF MODULE INFORMATION.


C51 COMPILATION COMPLETE.  1 WARNING(S),  0 ERROR(S)
